


ARM Macro Assembler    Page 1 


    1 00000000         ; ce programme est pour l'assembleur RealView (Keil)
    2 00000000                 thumb
    3 00000000                 area             moncode, code, readonly
    4 00000000         
    5 00000000                 extern           TabSin
    6 00000000                 extern           TabCos
    7 00000000                 export           somme       ;
    8 00000000         ;
    9 00000000         somme   proc
   10 00000000         ; M est dans r0
   11 00000000 B500            push             {lr}
   12 00000002         
   13 00000002 4906            ldr              r1, =TabSin ; adresse de TabSin
                                                             dans r1
   14 00000004 F04F 0302       mov              r3, #2
   15 00000008 FB00 F003       mul              r0, r3      ; on a 2M dans r0
   16 0000000C 5E09            ldrsh            r1, [r1, r0] ; r1 = r1 + 2M*8  
                                                                   
   17 0000000E         ; r1 = TabSin[M]
   18 0000000E 4A04            ldr              r2, =TabCos ; adresse de TabCos
                                                             dans r2
   19 00000010 5E12            ldrsh            r2, [r2, r0]
   20 00000012         
   21 00000012 FB01 F301       mul              r3, r1, r1
   22 00000016 FB02 3002       mla              r0, r2, r2, r3
   23 0000001A         ; valeur de retour dans r0 codé en 2 - 30 !!!!
   24 0000001A         ; ATTENTION A LA RECONVERSION
   25 0000001A         
   26 0000001A BD00            pop              {pc}
   27 0000001C                 endp
   28 0000001C                 end
              00000000 
              00000000 
Command Line: --debug --xref --diag_suppress=9931 --cpu=Cortex-M3 --apcs=interw
ork --depend=.\obj\trigo.d -o.\obj\trigo.o -I.\RTE\_Simu -IC:\Users\Ben\AppData
\Local\Arm\Packs\ARM\CMSIS\5.6.0\CMSIS\Core\Include -IC:\Users\Ben\AppData\Loca
l\Arm\Packs\Keil\STM32F1xx_DFP\2.3.0\Device\Include --predefine="__EVAL SETA 1"
 --predefine="__MICROLIB SETA 1" --predefine="__UVISION_VERSION SETA 529" --pre
define="_RTE_ SETA 1" --predefine="STM32F10X_MD SETA 1" --list=trigo.lst Src\tr
igo.s



ARM Macro Assembler    Page 1 Alphabetic symbol ordering
Relocatable symbols

moncode 00000000

Symbol: moncode
   Definitions
      At line 3 in file Src\trigo.s
   Uses
      None
Comment: moncode unused
somme 00000000

Symbol: somme
   Definitions
      At line 9 in file Src\trigo.s
   Uses
      At line 7 in file Src\trigo.s
Comment: somme used once
2 symbols



ARM Macro Assembler    Page 1 Alphabetic symbol ordering
External symbols

TabCos 00000000

Symbol: TabCos
   Definitions
      At line 6 in file Src\trigo.s
   Uses
      At line 18 in file Src\trigo.s
Comment: TabCos used once
TabSin 00000000

Symbol: TabSin
   Definitions
      At line 5 in file Src\trigo.s
   Uses
      At line 13 in file Src\trigo.s
Comment: TabSin used once
2 symbols
341 symbols in table
