


ARM Macro Assembler    Page 1 


    1 00000000                 thumb
    2 00000000                 area             moncode, CODE , READONLY
    3 00000000         
    4 00000000         
    5 00000000                 extern           TabCos
    6 00000000                 extern           TabSin
    7 00000000                 extern           TabSig
    8 00000000                 export           dft
    9 00000000         
   10 00000000         
   11 00000000         dft     proc
   12 00000000 B531            push             {lr, r4, r5, r0}
   13 00000002 4A12            ldr              r2, =TabCos
   14 00000004 F7FF FFFE       bl               calc
   15 00000008 FB80 4500       smull            r4, r5, r0, r0 ;r4r5 = Re(k)² 
   16 0000000C         
   17 0000000C BC01            pop{r0}
   18 0000000E         
   19 0000000E 4A10            ldr              r2, =TabSin
   20 00000010 F7FF FFFE       bl               calc
   21 00000014 FBC0 4500       smlal            r4, r5, r0, r0 ;r4r5 = Re(k)² +
                                                             Im(k)²
   22 00000018         
   23 00000018 4628            mov              r0,r5       ; permet de garder 
                                                            les 32bits de r5 (p
                                                            oids fort)
   24 0000001A         
   25 0000001A BD30            pop              {pc, r4, r5}
   26 0000001C                 endp
   27 0000001C         
   28 0000001C         
   29 0000001C         
   30 0000001C         calc    proc                         ;r0 = @x , r1 = k ,
                                                             r2 = @cos ou @sin
   31 0000001C B4F0            push             {r4, r5, r6, r7}
   32 0000001E F04F 0300       mov              r3, #0      ;r3 = i
   33 00000022 F04F 0400       mov              r4, #0      ;r4 = ik
   34 00000026 F04F 0500       mov              r5, #0      ;r5 = 0 (valeur de 
                                                            la somme)
   35 0000002A         
   36 0000002A F830 6013 
                       boucle  ldrh             r6, [r0, r3, LSL #1] ;r6 = x[i]
                                                            
   37 0000002E F932 7015       ldrsh            r7, [r2, r5, LSL #1] ;r7 = cos[
                                                            ik] ou sin[ik]
   38 00000032 FB06 5507       mla              r5, r6, r7, r5 ;r5 += x[i]*cos[
                                                            ik] ou x[i]*sin[ik]
                                                            
   39 00000036         
   40 00000036 440C            add              r4, r1      ;maj de ik
   41 00000038 F004 043F       and              r4, #63     ;modulo 64
   42 0000003C F103 0301       add              r3, #1      ;i++
   43 00000040 2B40            cmp              r3, #64
   44 00000042 D1F2            bne              boucle      ;si i!=64 -> on reb
                                                            oucle
   45 00000044         
   46 00000044 4628            mov              r0, r5
   47 00000046 BCF0            pop              {r4, r5, r6, r7}
   48 00000048 4770            bx               lr



ARM Macro Assembler    Page 2 


   49 0000004A                 endp
   50 0000004A         
   51 0000004A         
   52 0000004A                 end
              00 00 00000000 
              00000000 
Command Line: --debug --xref --diag_suppress=9931 --cpu=Cortex-M3 --apcs=interw
ork --depend=.\obj\dft.d -o.\obj\dft.o -I.\RTE\_Simu -IC:\Users\jejed\AppData\L
ocal\Arm\Packs\ARM\CMSIS\5.6.0\CMSIS\Core\Include -IC:\Users\jejed\AppData\Loca
l\Arm\Packs\Keil\STM32F1xx_DFP\2.3.0\Device\Include --predefine="__EVAL SETA 1"
 --predefine="__MICROLIB SETA 1" --predefine="__UVISION_VERSION SETA 529" --pre
define="_RTE_ SETA 1" --predefine="STM32F10X_MD SETA 1" --list=dft.lst Src\dft.
s



ARM Macro Assembler    Page 1 Alphabetic symbol ordering
Relocatable symbols

boucle 0000002A

Symbol: boucle
   Definitions
      At line 36 in file Src\dft.s
   Uses
      At line 44 in file Src\dft.s
Comment: boucle used once
calc 0000001C

Symbol: calc
   Definitions
      At line 30 in file Src\dft.s
   Uses
      At line 14 in file Src\dft.s
      At line 20 in file Src\dft.s

dft 00000000

Symbol: dft
   Definitions
      At line 11 in file Src\dft.s
   Uses
      At line 8 in file Src\dft.s
Comment: dft used once
moncode 00000000

Symbol: moncode
   Definitions
      At line 2 in file Src\dft.s
   Uses
      None
Comment: moncode unused
4 symbols



ARM Macro Assembler    Page 1 Alphabetic symbol ordering
External symbols

TabCos 00000000

Symbol: TabCos
   Definitions
      At line 5 in file Src\dft.s
   Uses
      At line 13 in file Src\dft.s
Comment: TabCos used once
TabSig 00000000

Symbol: TabSig
   Definitions
      At line 7 in file Src\dft.s
   Uses
      None
Comment: TabSig unused
TabSin 00000000

Symbol: TabSin
   Definitions
      At line 6 in file Src\dft.s
   Uses
      At line 19 in file Src\dft.s
Comment: TabSin used once
3 symbols
344 symbols in table
